Using pre-set license

 COMMAND LINE ARGUMENTS:
/Applications/Unity/Hub/Editor/2020.3.10f1/Unity.app/Contents/MacOS/Unity
-adb2
-batchMode
-noUpm
-name
AssetImportWorker0
-projectPath
/Users/juanmarcosviudezfernandez/04_Balls
-logFile
Logs/AssetImportWorker0.log
-srvPort
57671
Successfully changed project path to: /Users/juanmarcosviudezfernandez/04_Balls
/Users/juanmarcosviudezfernandez/04_Balls
Using Asset Import Pipeline V2.
Refreshing native plugins compatible for Editor in 38.84 ms, found 2 plugins.
Preloading 0 native plugins for Editor in 0.00 ms.
Initialize engine version: 2020.3.10f1 (297d780c91bc)
[Subsystems] Discovering subsystems at path /Applications/Unity/Hub/Editor/2020.3.10f1/Unity.app/Contents/Resources/UnitySubsystems
[Subsystems] Discovering subsystems at path /Users/juanmarcosviudezfernandez/04_Balls/Assets
GfxDevice: creating device client; threaded=0
2021-09-14 22:44:20.365 Unity[6416:472231] Color LCD preferred device: AMD Radeon Pro 460 (high power)
2021-09-14 22:44:20.365 Unity[6416:472231] Metal devices available: 2
2021-09-14 22:44:20.366 Unity[6416:472231] 0: AMD Radeon Pro 460 (high power)
2021-09-14 22:44:20.366 Unity[6416:472231] 1: Intel(R) HD Graphics 530 (low power)
2021-09-14 22:44:20.366 Unity[6416:472231] Using device AMD Radeon Pro 460 (high power)
Initializing Metal device caps: AMD Radeon Pro 460
Initialize mono
Mono path[0] = '/Applications/Unity/Hub/Editor/2020.3.10f1/Unity.app/Contents/Managed'
Mono path[1] = '/Applications/Unity/Hub/Editor/2020.3.10f1/Unity.app/Contents/MonoBleedingEdge/lib/mono/unityjit'
Mono config path = '/Applications/Unity/Hub/Editor/2020.3.10f1/Unity.app/Contents/MonoBleedingEdge/etc'
Using monoOptions --debugger-agent=transport=dt_socket,embedding=1,server=y,suspend=n,address=127.0.0.1:56416
Begin MonoManager ReloadAssembly
Registering precompiled unity dll's ...
Register platform support module: /Applications/Unity/Hub/Editor/2020.3.10f1/PlaybackEngines/WebGLSupport/UnityEditor.WebGL.Extensions.dll
Register platform support module: /Applications/Unity/Hub/Editor/2020.3.10f1/Unity.app/Contents/PlaybackEngines/MacStandaloneSupport/UnityEditor.OSXStandalone.Extensions.dll
Registered in 0.000843 seconds.
Native extension for OSXStandalone target not found
Native extension for WebGL target not found
Refreshing native plugins compatible for Editor in 36.31 ms, found 2 plugins.
Preloading 0 native plugins for Editor in 0.00 ms.
Mono: successfully reloaded assembly
- Completed reload, in  1.897 seconds
Platform modules already initialized, skipping
Registering precompiled user dll's ...
Registered in 0.002164 seconds.
Begin MonoManager ReloadAssembly
Native extension for OSXStandalone target not found
Native extension for WebGL target not found
Refreshing native plugins compatible for Editor in 0.34 ms, found 2 plugins.
Preloading 0 native plugins for Editor in 0.00 ms.
Mono: successfully reloaded assembly
- Completed reload, in  1.458 seconds
Platform modules already initialized, skipping
========================================================================
Worker process is ready to serve import requests
Launching external process: /Applications/Unity/Hub/Editor/2020.3.10f1/Unity.app/Contents/Tools/UnityShaderCompiler
Launched and connected shader compiler UnityShaderCompiler after 0.01 seconds
Refreshing native plugins compatible for Editor in 0.33 ms, found 2 plugins.
Preloading 0 native plugins for Editor in 0.00 ms.
Unloading 1390 Unused Serialized files (Serialized files now loaded: 0)
System memory in use before: 135.3 MB.
System memory in use after: 135.3 MB.

Unloading 19 unused Assets to reduce memory usage. Loaded Objects now: 1827.
Total: 2.236446 ms (FindLiveObjects: 0.189650 ms CreateObjectMapping: 0.055381 ms MarkObjects: 1.894009 ms  DeleteObjects: 0.096354 ms)

========================================================================
Received Import Request.
  path: Assets/Materials/BouncyMaterial.physicMaterial
  artifactKey: Guid(69dc0dbb6676644889c48766ebe173a2) Importer(815301076,1909f56bfc062723c751e8b465ee728b)
Start importing Assets/Materials/BouncyMaterial.physicMaterial using Guid(69dc0dbb6676644889c48766ebe173a2) Importer(815301076,1909f56bfc062723c751e8b465ee728b)  -> (artifact id: '42c3f6a5b391a7bcf4f4f83203189b5b') in 1.035196 seconds
  Import took 1.038003 seconds .

AssetImportWorkerClient::OnTransportError - code=2 error=End of file
